<?xml version="1.0" encoding="UTF-8" ?>
<testsuite tests="2" failures="0" name="ec.edu.epn.tdd.gateway.PaymentGatewayTest" time="0.447" errors="0" skipped="0">
  <properties>
    <property name="idea.version" value="2020.3.1"/>
    <property name="java.runtime.name" value="OpenJDK Runtime Environment"/>
    <property name="sun.boot.library.path" value="/home/erick/.jdks/corretto-1.8.0_275/jre/lib/amd64"/>
    <property name="java.vm.version" value="25.275-b01"/>
    <property name="java.vm.vendor" value="Amazon.com Inc."/>
    <property name="maven.multiModuleProjectDirectory" value="/home/erick/Documents/iccr624-tdd"/>
    <property name="java.vendor.url" value="https://aws.amazon.com/corretto/"/>
    <property name="path.separator" value=":"/>
    <property name="guice.disable.misplaced.annotation.check" value="true"/>
    <property name="java.vm.name" value="OpenJDK 64-Bit Server VM"/>
    <property name="file.encoding.pkg" value="sun.io"/>
    <property name="user.country" value="US"/>
    <property name="sun.java.launcher" value="SUN_STANDARD"/>
    <property name="sun.os.patch.level" value="unknown"/>
    <property name="java.vm.specification.name" value="Java Virtual Machine Specification"/>
    <property name="user.dir" value="/home/erick/Documents/iccr624-tdd"/>
    <property name="java.runtime.version" value="1.8.0_275-b01"/>
    <property name="java.awt.graphicsenv" value="sun.awt.X11GraphicsEnvironment"/>
    <property name="java.endorsed.dirs" value="/home/erick/.jdks/corretto-1.8.0_275/jre/lib/endorsed"/>
    <property name="os.arch" value="amd64"/>
    <property name="java.io.tmpdir" value="/tmp"/>
    <property name="line.separator" value="
"/>
    <property name="java.vm.specification.vendor" value="Oracle Corporation"/>
    <property name="os.name" value="Linux"/>
    <property name="maven.ext.class.path" value="/home/erick/Desktop/idea-IU-203.6682.168/plugins/maven/lib/maven-event-listener.jar"/>
    <property name="classworlds.conf" value="/home/erick/Desktop/idea-IU-203.6682.168/plugins/maven/lib/maven3/bin/m2.conf"/>
    <property name="sun.jnu.encoding" value="UTF-8"/>
    <property name="java.library.path" value="/usr/java/packages/lib/amd64:/usr/lib64:/lib64:/lib:/usr/lib"/>
    <property name="maven.conf" value="/home/erick/Desktop/idea-IU-203.6682.168/plugins/maven/lib/maven3/conf"/>
    <property name="java.specification.name" value="Java Platform API Specification"/>
    <property name="java.class.version" value="52.0"/>
    <property name="sun.management.compiler" value="HotSpot 64-Bit Tiered Compilers"/>
    <property name="os.version" value="5.4.0-60-generic"/>
    <property name="user.home" value="/home/erick"/>
    <property name="user.timezone" value="America/New_York"/>
    <property name="java.awt.printerjob" value="sun.print.PSPrinterJob"/>
    <property name="java.specification.version" value="1.8"/>
    <property name="file.encoding" value="UTF-8"/>
    <property name="user.name" value="erick"/>
    <property name="java.class.path" value="/home/erick/Desktop/idea-IU-203.6682.168/plugins/maven/lib/maven3/boot/plexus-classworlds.license:/home/erick/Desktop/idea-IU-203.6682.168/plugins/maven/lib/maven3/boot/plexus-classworlds-2.6.0.jar:/home/erick/Desktop/idea-IU-203.6682.168/lib/idea_rt.jar"/>
    <property name="java.vm.specification.version" value="1.8"/>
    <property name="sun.arch.data.model" value="64"/>
    <property name="java.home" value="/home/erick/.jdks/corretto-1.8.0_275/jre"/>
    <property name="sun.java.command" value="org.codehaus.classworlds.Launcher -Didea.version=2020.3.1 package"/>
    <property name="java.specification.vendor" value="Oracle Corporation"/>
    <property name="user.language" value="en"/>
    <property name="awt.toolkit" value="sun.awt.X11.XToolkit"/>
    <property name="java.vm.info" value="mixed mode"/>
    <property name="java.version" value="1.8.0_275"/>
    <property name="java.ext.dirs" value="/home/erick/.jdks/corretto-1.8.0_275/jre/lib/ext:/usr/java/packages/lib/ext"/>
    <property name="securerandom.source" value="file:/dev/./urandom"/>
    <property name="sun.boot.class.path" value="/home/erick/.jdks/corretto-1.8.0_275/jre/lib/resources.jar:/home/erick/.jdks/corretto-1.8.0_275/jre/lib/rt.jar:/home/erick/.jdks/corretto-1.8.0_275/jre/lib/sunrsasign.jar:/home/erick/.jdks/corretto-1.8.0_275/jre/lib/jsse.jar:/home/erick/.jdks/corretto-1.8.0_275/jre/lib/jce.jar:/home/erick/.jdks/corretto-1.8.0_275/jre/lib/charsets.jar:/home/erick/.jdks/corretto-1.8.0_275/jre/lib/jfr.jar:/home/erick/.jdks/corretto-1.8.0_275/jre/classes"/>
    <property name="java.vendor" value="Amazon.com Inc."/>
    <property name="maven.home" value="/home/erick/Desktop/idea-IU-203.6682.168/plugins/maven/lib/maven3"/>
    <property name="file.separator" value="/"/>
    <property name="java.vendor.url.bug" value="https://github.com/corretto/corretto-8/issues/"/>
    <property name="sun.cpu.endian" value="little"/>
    <property name="sun.io.unicode.encoding" value="UnicodeLittle"/>
    <property name="sun.desktop" value="gnome"/>
    <property name="sun.cpu.isalist" value=""/>
  </properties>
  <testcase classname="ec.edu.epn.tdd.gateway.PaymentGatewayTest" name="given_a_payment_when_is_correct_then_ok" time="0.447"/>
  <testcase classname="ec.edu.epn.tdd.gateway.PaymentGatewayTest" name="given_a_payment_when_is_incorrect_then_error" time="0"/>
</testsuite>